# Logfile created on 2013-11-06 11:25:09 +0200 by logger.rb/31641
2013-11-06T09:25:22Z 2425 TID-17d5hc INFO: Booting Sidekiq 2.16.1 with redis options {}
2013-11-06T09:25:22Z 2425 TID-17d5hc INFO: Running in ruby 1.9.3p448 (2013-06-27 revision 41675) [i686-linux]
2013-11-06T09:25:22Z 2425 TID-17d5hc INFO: See LICENSE and the LGPL-3.0 for licensing details.
2013-11-07T07:58:59Z 2425 TID-1c7ivq ERROR: Error fetching message: Connection timed out
2013-11-07T07:58:59Z 2425 TID-1c7ivq ERROR: /usr/local/rvm/gems/ruby-1.9.3-p448/gems/redis-3.0.5/lib/redis/client.rb:210:in `rescue in io'
2013-11-07T07:58:59Z 2425 TID-1c7ivq ERROR: /usr/local/rvm/gems/ruby-1.9.3-p448/gems/redis-3.0.5/lib/redis/client.rb:208:in `io'
2013-11-07T07:58:59Z 2425 TID-1c7ivq ERROR: /usr/local/rvm/gems/ruby-1.9.3-p448/gems/redis-3.0.5/lib/redis/client.rb:216:in `read'
2013-11-07T07:58:59Z 2425 TID-1c7ivq ERROR: /usr/local/rvm/gems/ruby-1.9.3-p448/gems/redis-3.0.5/lib/redis/client.rb:84:in `block in call'
2013-11-07T07:58:59Z 2425 TID-1c7ivq ERROR: /usr/local/rvm/gems/ruby-1.9.3-p448/gems/redis-3.0.5/lib/redis/client.rb:189:in `block (2 levels) in process'
2013-11-07T07:58:59Z 2425 TID-1c7ivq ERROR: /usr/local/rvm/gems/ruby-1.9.3-p448/gems/redis-3.0.5/lib/redis/client.rb:297:in `ensure_connected'
2013-11-07T07:58:59Z 2425 TID-1c7ivq ERROR: /usr/local/rvm/gems/ruby-1.9.3-p448/gems/redis-3.0.5/lib/redis/client.rb:179:in `block in process'
2013-11-07T07:58:59Z 2425 TID-1c7ivq ERROR: /usr/local/rvm/gems/ruby-1.9.3-p448/gems/redis-3.0.5/lib/redis/client.rb:258:in `logging'
2013-11-07T07:58:59Z 2425 TID-1c7ivq ERROR: /usr/local/rvm/gems/ruby-1.9.3-p448/gems/redis-3.0.5/lib/redis/client.rb:178:in `process'
2013-11-07T07:58:59Z 2425 TID-1c7ivq ERROR: /usr/local/rvm/gems/ruby-1.9.3-p448/gems/redis-3.0.5/lib/redis/client.rb:84:in `call'
2013-11-07T07:58:59Z 2425 TID-1c7ivq ERROR: /usr/local/rvm/gems/ruby-1.9.3-p448/gems/redis-3.0.5/lib/redis/client.rb:167:in `block in call_with_timeout'
2013-11-07T07:58:59Z 2425 TID-1c7ivq ERROR: /usr/local/rvm/gems/ruby-1.9.3-p448/gems/redis-3.0.5/lib/redis/client.rb:232:in `with_socket_timeout'
2013-11-07T07:58:59Z 2425 TID-1c7ivq ERROR: /usr/local/rvm/gems/ruby-1.9.3-p448/gems/redis-3.0.5/lib/redis/client.rb:166:in `call_with_timeout'
2013-11-07T07:58:59Z 2425 TID-1c7ivq ERROR: /usr/local/rvm/gems/ruby-1.9.3-p448/gems/redis-3.0.5/lib/redis.rb:1039:in `block in _bpop'
2013-11-07T07:58:59Z 2425 TID-1c7ivq ERROR: /usr/local/rvm/gems/ruby-1.9.3-p448/gems/redis-3.0.5/lib/redis.rb:36:in `block in synchronize'
2013-11-07T07:58:59Z 2425 TID-1c7ivq ERROR: /usr/local/rvm/rubies/ruby-1.9.3-p448/lib/ruby/1.9.1/monitor.rb:211:in `mon_synchronize'
2013-11-07T07:58:59Z 2425 TID-1c7ivq ERROR: /usr/local/rvm/gems/ruby-1.9.3-p448/gems/redis-3.0.5/lib/redis.rb:36:in `synchronize'
2013-11-07T07:58:59Z 2425 TID-1c7ivq ERROR: /usr/local/rvm/gems/ruby-1.9.3-p448/gems/redis-3.0.5/lib/redis.rb:1036:in `_bpop'
2013-11-07T07:58:59Z 2425 TID-1c7ivq ERROR: /usr/local/rvm/gems/ruby-1.9.3-p448/gems/redis-3.0.5/lib/redis.rb:1081:in `brpop'
2013-11-07T07:58:59Z 2425 TID-1c7ivq ERROR: /usr/local/rvm/gems/ruby-1.9.3-p448/gems/sidekiq-2.16.1/lib/sidekiq/fetch.rb:89:in `block in retrieve_work'
2013-11-07T07:58:59Z 2425 TID-1c7ivq ERROR: /usr/local/rvm/gems/ruby-1.9.3-p448/gems/connection_pool-1.1.0/lib/connection_pool.rb:49:in `with'
2013-11-07T07:58:59Z 2425 TID-1c7ivq ERROR: /usr/local/rvm/gems/ruby-1.9.3-p448/gems/sidekiq-2.16.1/lib/sidekiq.rb:67:in `redis'
2013-11-07T07:58:59Z 2425 TID-1c7ivq ERROR: /usr/local/rvm/gems/ruby-1.9.3-p448/gems/sidekiq-2.16.1/lib/sidekiq/fetch.rb:89:in `retrieve_work'
2013-11-07T07:58:59Z 2425 TID-1c7ivq ERROR: /usr/local/rvm/gems/ruby-1.9.3-p448/gems/sidekiq-2.16.1/lib/sidekiq/fetch.rb:34:in `block in fetch'
2013-11-07T07:58:59Z 2425 TID-1c7ivq ERROR: /usr/local/rvm/gems/ruby-1.9.3-p448/gems/sidekiq-2.16.1/lib/sidekiq/util.rb:15:in `watchdog'
2013-11-07T07:58:59Z 2425 TID-1c7ivq ERROR: /usr/local/rvm/gems/ruby-1.9.3-p448/gems/sidekiq-2.16.1/lib/sidekiq/fetch.rb:30:in `fetch'
2013-11-07T07:58:59Z 2425 TID-1c7ivq ERROR: /usr/local/rvm/gems/ruby-1.9.3-p448/gems/sidekiq-2.16.1/lib/sidekiq/fetch.rb:41:in `block (2 levels) in fetch'
2013-11-07T07:58:59Z 2425 TID-1c7ivq ERROR: /usr/local/rvm/gems/ruby-1.9.3-p448/gems/celluloid-0.15.2/lib/celluloid/actor.rb:416:in `block in task'
2013-11-07T07:58:59Z 2425 TID-1c7ivq ERROR: /usr/local/rvm/gems/ruby-1.9.3-p448/gems/celluloid-0.15.2/lib/celluloid/tasks.rb:55:in `block in initialize'
2013-11-07T07:58:59Z 2425 TID-1c7ivq ERROR: /usr/local/rvm/gems/ruby-1.9.3-p448/gems/celluloid-0.15.2/lib/celluloid/tasks/task_fiber.rb:13:in `block in create'
2013-11-07T07:59:01Z 2425 TID-1c7ivq INFO: Redis is online, 1.7726285457611084 sec downtime
2013-11-11T16:47:26Z 2425 TID-1c7ivq ERROR: Error fetching message: Connection timed out
2013-11-12T07:16:33Z 2425 TID-1c7ivq ERROR: /usr/local/rvm/gems/ruby-1.9.3-p448/gems/redis-3.0.5/lib/redis/client.rb:210:in `rescue in io'
2013-11-12T07:16:33Z 2425 TID-1c7ivq ERROR: /usr/local/rvm/gems/ruby-1.9.3-p448/gems/redis-3.0.5/lib/redis/client.rb:208:in `io'
2013-11-12T07:16:33Z 2425 TID-1c7ivq ERROR: /usr/local/rvm/gems/ruby-1.9.3-p448/gems/redis-3.0.5/lib/redis/client.rb:216:in `read'
2013-11-12T07:16:33Z 2425 TID-1c7ivq ERROR: /usr/local/rvm/gems/ruby-1.9.3-p448/gems/redis-3.0.5/lib/redis/client.rb:84:in `block in call'
2013-11-12T07:16:33Z 2425 TID-1c7ivq ERROR: /usr/local/rvm/gems/ruby-1.9.3-p448/gems/redis-3.0.5/lib/redis/client.rb:189:in `block (2 levels) in process'
2013-11-12T07:16:33Z 2425 TID-1c7ivq ERROR: /usr/local/rvm/gems/ruby-1.9.3-p448/gems/redis-3.0.5/lib/redis/client.rb:297:in `ensure_connected'
2013-11-12T07:16:33Z 2425 TID-1c7ivq ERROR: /usr/local/rvm/gems/ruby-1.9.3-p448/gems/redis-3.0.5/lib/redis/client.rb:179:in `block in process'
2013-11-12T07:16:33Z 2425 TID-1c7ivq ERROR: /usr/local/rvm/gems/ruby-1.9.3-p448/gems/redis-3.0.5/lib/redis/client.rb:258:in `logging'
2013-11-12T07:16:33Z 2425 TID-1c7ivq ERROR: /usr/local/rvm/gems/ruby-1.9.3-p448/gems/redis-3.0.5/lib/redis/client.rb:178:in `process'
2013-11-12T07:16:33Z 2425 TID-1c7ivq ERROR: /usr/local/rvm/gems/ruby-1.9.3-p448/gems/redis-3.0.5/lib/redis/client.rb:84:in `call'
2013-11-12T07:16:33Z 2425 TID-1c7ivq ERROR: /usr/local/rvm/gems/ruby-1.9.3-p448/gems/redis-3.0.5/lib/redis/client.rb:167:in `block in call_with_timeout'
2013-11-12T07:16:33Z 2425 TID-1c7ivq ERROR: /usr/local/rvm/gems/ruby-1.9.3-p448/gems/redis-3.0.5/lib/redis/client.rb:232:in `with_socket_timeout'
2013-11-12T07:16:33Z 2425 TID-1c7ivq ERROR: /usr/local/rvm/gems/ruby-1.9.3-p448/gems/redis-3.0.5/lib/redis/client.rb:166:in `call_with_timeout'
2013-11-12T07:16:33Z 2425 TID-1c7ivq ERROR: /usr/local/rvm/gems/ruby-1.9.3-p448/gems/redis-3.0.5/lib/redis.rb:1039:in `block in _bpop'
2013-11-12T07:16:33Z 2425 TID-1c7ivq ERROR: /usr/local/rvm/gems/ruby-1.9.3-p448/gems/redis-3.0.5/lib/redis.rb:36:in `block in synchronize'
2013-11-12T07:16:33Z 2425 TID-1c7ivq ERROR: /usr/local/rvm/rubies/ruby-1.9.3-p448/lib/ruby/1.9.1/monitor.rb:211:in `mon_synchronize'
2013-11-12T07:16:33Z 2425 TID-1c7ivq ERROR: /usr/local/rvm/gems/ruby-1.9.3-p448/gems/redis-3.0.5/lib/redis.rb:36:in `synchronize'
2013-11-12T07:16:33Z 2425 TID-1c7ivq ERROR: /usr/local/rvm/gems/ruby-1.9.3-p448/gems/redis-3.0.5/lib/redis.rb:1036:in `_bpop'
2013-11-12T07:16:33Z 2425 TID-1c7ivq ERROR: /usr/local/rvm/gems/ruby-1.9.3-p448/gems/redis-3.0.5/lib/redis.rb:1081:in `brpop'
2013-11-12T07:16:33Z 2425 TID-1c7ivq ERROR: /usr/local/rvm/gems/ruby-1.9.3-p448/gems/sidekiq-2.16.1/lib/sidekiq/fetch.rb:89:in `block in retrieve_work'
2013-11-12T07:16:33Z 2425 TID-1c7ivq ERROR: /usr/local/rvm/gems/ruby-1.9.3-p448/gems/connection_pool-1.1.0/lib/connection_pool.rb:49:in `with'
2013-11-12T07:16:33Z 2425 TID-1c7ivq ERROR: /usr/local/rvm/gems/ruby-1.9.3-p448/gems/sidekiq-2.16.1/lib/sidekiq.rb:67:in `redis'
2013-11-12T07:16:33Z 2425 TID-1c7ivq ERROR: /usr/local/rvm/gems/ruby-1.9.3-p448/gems/sidekiq-2.16.1/lib/sidekiq/fetch.rb:89:in `retrieve_work'
2013-11-12T07:16:33Z 2425 TID-1c7ivq ERROR: /usr/local/rvm/gems/ruby-1.9.3-p448/gems/sidekiq-2.16.1/lib/sidekiq/fetch.rb:34:in `block in fetch'
2013-11-12T07:16:33Z 2425 TID-1c7ivq ERROR: /usr/local/rvm/gems/ruby-1.9.3-p448/gems/sidekiq-2.16.1/lib/sidekiq/util.rb:15:in `watchdog'
2013-11-12T07:16:33Z 2425 TID-1c7ivq ERROR: /usr/local/rvm/gems/ruby-1.9.3-p448/gems/sidekiq-2.16.1/lib/sidekiq/fetch.rb:30:in `fetch'
2013-11-12T07:16:33Z 2425 TID-1c7ivq ERROR: /usr/local/rvm/gems/ruby-1.9.3-p448/gems/sidekiq-2.16.1/lib/sidekiq/fetch.rb:41:in `block (2 levels) in fetch'
2013-11-12T07:16:33Z 2425 TID-1c7ivq ERROR: /usr/local/rvm/gems/ruby-1.9.3-p448/gems/celluloid-0.15.2/lib/celluloid/actor.rb:416:in `block in task'
2013-11-12T07:16:33Z 2425 TID-1c7ivq ERROR: /usr/local/rvm/gems/ruby-1.9.3-p448/gems/celluloid-0.15.2/lib/celluloid/tasks.rb:55:in `block in initialize'
2013-11-12T07:16:33Z 2425 TID-1c7ivq ERROR: /usr/local/rvm/gems/ruby-1.9.3-p448/gems/celluloid-0.15.2/lib/celluloid/tasks/task_fiber.rb:13:in `block in create'
2013-11-12T07:16:35Z 2425 TID-1c7ivq INFO: Redis is online, 1.8076801300048828 sec downtime
